<?xml version="1.0" encoding="UTF-8"?>
<!-- Generated by org.testng.reporters.JUnitReportReporter -->
<testsuite skipped="0" hostname="Dell-PC" name="com.flipkart.qa.assertion.LoginTest_AssertionTest" tests="4" failures="0" timestamp="25 Sep 2018 15:11:12 GMT" time="115.236" errors="0">
  <testcase name="loginTest" time="29.127" classname="com.flipkart.qa.assertion.LoginTest_AssertionTest"/>
  <testcase name="TitleValitationTest" time="26.158" classname="com.flipkart.qa.assertion.LoginTest_AssertionTest"/>
  <testcase name="LogoValidationTest" time="27.389" classname="com.flipkart.qa.assertion.LoginTest_AssertionTest"/>
  <testcase name="MobilesTest" time="32.562" classname="com.flipkart.qa.assertion.LoginTest_AssertionTest"/>
</testsuite> <!-- com.flipkart.qa.assertion.LoginTest_AssertionTest -->
