<?xml version="1.0" encoding="UTF-8"?>
<!-- Generated by org.testng.reporters.JUnitReportReporter -->
<testsuite skipped="0" hostname="Dell-PC" name="com.flipkart.qa.paralleltesting.LoginTest_ParallelTest" tests="2" failures="0" timestamp="25 Sep 2018 14:56:49 GMT" time="99.391" errors="0">
  <testcase name="getChorme" time="35.819" classname="com.flipkart.qa.paralleltesting.LoginTest_ParallelTest"/>
  <testcase name="getFirefox" time="63.572" classname="com.flipkart.qa.paralleltesting.LoginTest_ParallelTest"/>
</testsuite> <!-- com.flipkart.qa.paralleltesting.LoginTest_ParallelTest -->
