<?xml version="1.0" encoding="UTF-8"?>
<!-- Generated by org.testng.reporters.JUnitReportReporter -->
<testsuite skipped="0" hostname="Dell-PC" name="com.flipkart.qa.parameterization.LoginTest_TestngDataprovider" tests="3" failures="0" timestamp="25 Sep 2018 14:51:53 GMT" time="82.457" errors="0">
  <testcase name="loginTest" time="24.419" classname="com.flipkart.qa.parameterization.LoginTest_TestngDataprovider"/>
  <testcase name="loginTest" time="30.961" classname="com.flipkart.qa.parameterization.LoginTest_TestngDataprovider"/>
  <testcase name="loginTest" time="27.077" classname="com.flipkart.qa.parameterization.LoginTest_TestngDataprovider"/>
</testsuite> <!-- com.flipkart.qa.parameterization.LoginTest_TestngDataprovider -->
