<?xml version="1.0" encoding="UTF-8"?>
<!-- Generated by org.testng.reporters.JUnitReportReporter -->
<testsuite skipped="2" hostname="Dell-PC" name="com.flipkart.qa.attributetest.LoginTest_TestAttribute" tests="7" failures="0" timestamp="25 Sep 2018 15:07:41 GMT" time="163.329" errors="0">
  <testcase name="SkipExceptionTest" time="25.680" classname="com.flipkart.qa.attributetest.LoginTest_TestAttribute">
    <skipped/>
  </testcase> <!-- SkipExceptionTest -->
  <testcase name="loginTest" time="26.027" classname="com.flipkart.qa.attributetest.LoginTest_TestAttribute"/>
  <testcase name="MobilesTest" time="28.885" classname="com.flipkart.qa.attributetest.LoginTest_TestAttribute"/>
  <testcase name="TitleValitationTest" time="25.662" classname="com.flipkart.qa.attributetest.LoginTest_TestAttribute"/>
  <testcase name="MenfasionTest" time="0.000" classname="com.flipkart.qa.attributetest.LoginTest_TestAttribute">
    <skipped/>
  </testcase> <!-- MenfasionTest -->
  <testcase name="LogoValidationTest" time="31.903" classname="com.flipkart.qa.attributetest.LoginTest_TestAttribute"/>
  <testcase name="Expected_exception" time="25.172" classname="com.flipkart.qa.attributetest.LoginTest_TestAttribute"/>
</testsuite> <!-- com.flipkart.qa.attributetest.LoginTest_TestAttribute -->
