<?xml version="1.0" encoding="UTF-8"?>
<!-- Generated by org.testng.reporters.JUnitReportReporter -->
<testsuite skipped="0" hostname="Dell-PC" name="com.flipkart.qa.parameterization.LoginTest_TestngParameters" tests="1" failures="0" timestamp="25 Sep 2018 14:53:33 GMT" time="30.282" errors="0">
  <testcase name="loginTest" time="30.282" classname="com.flipkart.qa.parameterization.LoginTest_TestngParameters"/>
</testsuite> <!-- com.flipkart.qa.parameterization.LoginTest_TestngParameters -->
