<?xml version="1.0" encoding="UTF-8"?>
<!-- Generated by org.testng.reporters.JUnitReportReporter -->
<testsuite skipped="0" hostname="Dell-PC" name="com.flipkart.qa.testcases.LoginTest_FromHardcodeRecord" tests="1" failures="0" timestamp="25 Sep 2018 14:49:17 GMT" time="34.101" errors="0">
  <testcase name="loginTest" time="34.101" classname="com.flipkart.qa.testcases.LoginTest_FromHardcodeRecord"/>
</testsuite> <!-- com.flipkart.qa.testcases.LoginTest_FromHardcodeRecord -->
