<?xml version="1.0" encoding="UTF-8"?>
<!-- Generated by org.testng.reporters.JUnitReportReporter -->
<testsuite skipped="0" hostname="Dell-PC" name="com.flipkart.qa.testcases.LoginTest_FromFileRecord" tests="1" failures="0" timestamp="25 Sep 2018 14:49:57 GMT" time="28.368" errors="0">
  <testcase name="loginTest" time="28.368" classname="com.flipkart.qa.testcases.LoginTest_FromFileRecord"/>
</testsuite> <!-- com.flipkart.qa.testcases.LoginTest_FromFileRecord -->
