<?xml version="1.0" encoding="UTF-8"?>
<!-- Generated by org.testng.reporters.JUnitReportReporter -->
<testsuite skipped="0" hostname="Dell-PC" name="com.flipkart.qa.testcases.LoginTest_FromSingleExcelRecord" tests="1" failures="0" timestamp="25 Sep 2018 14:48:29 GMT" time="30.507" errors="0">
  <testcase name="loginTest" time="30.507" classname="com.flipkart.qa.testcases.LoginTest_FromSingleExcelRecord"/>
</testsuite> <!-- com.flipkart.qa.testcases.LoginTest_FromSingleExcelRecord -->
